[debug] [2022-06-30T12:24:30.781Z] ----------------------------------------------------------------------
[debug] [2022-06-30T12:24:30.782Z] Command:       /Users/fabian/.nvm/versions/node/v16.15.1/bin/node /usr/local/bin/firebase emulators:start
[debug] [2022-06-30T12:24:30.782Z] CLI Version:   11.1.0
[debug] [2022-06-30T12:24:30.782Z] Platform:      darwin
[debug] [2022-06-30T12:24:30.782Z] Node Version:  v16.15.1
[debug] [2022-06-30T12:24:30.783Z] Time:          Thu Jun 30 2022 14:24:30 GMT+0200 (Central European Summer Time)
[debug] [2022-06-30T12:24:30.783Z] ----------------------------------------------------------------------
[debug] 
[debug] [2022-06-30T12:24:30.784Z] >>> [apiv2][query] GET https://firebase-public.firebaseio.com/cli.json [none]
[debug] [2022-06-30T12:24:30.817Z] > command requires scopes: ["email","openid","https://www.googleapis.com/auth/cloudplatformprojects.readonly","https://www.googleapis.com/auth/firebase","https://www.googleapis.com/auth/cloud-platform"]
[debug] [2022-06-30T12:24:30.818Z] > authorizing via signed-in user (fabian.pasin@gmail.com)
[debug] [2022-06-30T12:24:30.878Z] java version "18.0.1.1" 2022-04-22
Java(TM) SE Runtime Environment (build 18.0.1.1+2-6)

[debug] [2022-06-30T12:24:30.878Z] Java HotSpot(TM) 64-Bit Server VM (build 18.0.1.1+2-6, mixed mode, sharing)

[debug] [2022-06-30T12:24:30.880Z] Parsed Java major version: 18
[info] i  emulators: Starting emulators: auth, database, hosting {"metadata":{"emulator":{"name":"hub"},"message":"Starting emulators: auth, database, hosting"}}
[debug] [2022-06-30T12:24:30.886Z] [hub] writing locator at /tmp/hub-easytutor-prototype.json
[debug] [2022-06-30T12:24:31.175Z] > refreshing access token with scopes: []
[debug] [2022-06-30T12:24:31.176Z] >>> [apiv2][query] POST https://www.googleapis.com/oauth2/v3/token [none]
[debug] [2022-06-30T12:24:31.176Z] >>> [apiv2][body] POST https://www.googleapis.com/oauth2/v3/token [omitted]
[debug] [2022-06-30T12:24:31.345Z] <<< [apiv2][status] GET https://firebase-public.firebaseio.com/cli.json 200
[debug] [2022-06-30T12:24:31.346Z] <<< [apiv2][body] GET https://firebase-public.firebaseio.com/cli.json {"cloudBuildErrorAfter":1594252800000,"cloudBuildWarnAfter":1590019200000,"defaultNode10After":1594252800000,"minVersion":"3.0.5","node8DeploysDisabledAfter":1613390400000,"node8RuntimeDisabledAfter":1615809600000,"node8WarnAfter":1600128000000}
[debug] [2022-06-30T12:24:31.481Z] <<< [apiv2][status] POST https://www.googleapis.com/oauth2/v3/token 200
[debug] [2022-06-30T12:24:31.481Z] <<< [apiv2][body] POST https://www.googleapis.com/oauth2/v3/token [omitted]
[debug] [2022-06-30T12:24:31.525Z] >>> [apiv2][query] GET https://firebase.googleapis.com/v1beta1/projects/easytutor-prototype [none]
[debug] [2022-06-30T12:24:32.107Z] <<< [apiv2][status] GET https://firebase.googleapis.com/v1beta1/projects/easytutor-prototype 200
[debug] [2022-06-30T12:24:32.107Z] <<< [apiv2][body] GET https://firebase.googleapis.com/v1beta1/projects/easytutor-prototype {"projectId":"easytutor-prototype","projectNumber":"1094650223829","displayName":"easyTutor-prototype","name":"projects/easytutor-prototype","resources":{"hostingSite":"easytutor-prototype","realtimeDatabaseInstance":"easytutor-prototype-default-rtdb"},"state":"ACTIVE"}
[debug] [2022-06-30T12:24:32.108Z] database rules config:  [{"instance":"easytutor-prototype-default-rtdb","rules":"/Users/fabian/Documents/UH/BScThesis/easy-tutor-app/database.rules.json"}]
[debug] [2022-06-30T12:24:32.110Z] Ignoring unsupported arg: projectId {"metadata":{"emulator":{"name":"database"},"message":"Ignoring unsupported arg: projectId"}}
[debug] [2022-06-30T12:24:32.110Z] Ignoring unsupported arg: auto_download {"metadata":{"emulator":{"name":"database"},"message":"Ignoring unsupported arg: auto_download"}}
[debug] [2022-06-30T12:24:32.110Z] Ignoring unsupported arg: rules {"metadata":{"emulator":{"name":"database"},"message":"Ignoring unsupported arg: rules"}}
[debug] [2022-06-30T12:24:32.110Z] Starting Database Emulator with command {"binary":"java","args":["-Duser.language=en","-jar","/Users/fabian/.cache/firebase/emulators/firebase-database-emulator-v4.8.0.jar","--host","localhost","--port",9000],"optionalArgs":["port","host","functions_emulator_port","functions_emulator_host"],"joinArgs":false} {"metadata":{"emulator":{"name":"database"},"message":"Starting Database Emulator with command {\"binary\":\"java\",\"args\":[\"-Duser.language=en\",\"-jar\",\"/Users/fabian/.cache/firebase/emulators/firebase-database-emulator-v4.8.0.jar\",\"--host\",\"localhost\",\"--port\",9000],\"optionalArgs\":[\"port\",\"host\",\"functions_emulator_port\",\"functions_emulator_host\"],\"joinArgs\":false}"}}
[info] i  database: Database Emulator logging to database-debug.log {"metadata":{"emulator":{"name":"database"},"message":"Database Emulator logging to \u001b[1mdatabase-debug.log\u001b[22m"}}
[debug] [2022-06-30T12:24:32.741Z] 14:24:32.740 [NamespaceSystem-akka.actor.default-dispatcher-4] INFO akka.event.slf4j.Slf4jLogger - Slf4jLogger started
 {"metadata":{"emulator":{"name":"database"},"message":"14:24:32.740 [NamespaceSystem-akka.actor.default-dispatcher-4] INFO akka.event.slf4j.Slf4jLogger - Slf4jLogger started\n"}}
[debug] [2022-06-30T12:24:32.830Z] 14:24:32.830 [main] INFO com.firebase.server.forge.App$ - Listening at localhost:9000
 {"metadata":{"emulator":{"name":"database"},"message":"14:24:32.830 [main] INFO com.firebase.server.forge.App$ - Listening at localhost:9000\n"}}
[debug] [2022-06-30T12:24:36.002Z] >>> [apiv2][query] GET https://firebasehosting.googleapis.com/v1beta1/projects/easytutor-prototype/sites 
[debug] [2022-06-30T12:24:38.388Z] <<< [apiv2][status] GET https://firebasehosting.googleapis.com/v1beta1/projects/easytutor-prototype/sites 200
[debug] [2022-06-30T12:24:38.388Z] <<< [apiv2][body] GET https://firebasehosting.googleapis.com/v1beta1/projects/easytutor-prototype/sites {"sites":[{"name":"projects/easytutor-prototype/sites/easytutor-prototype","defaultUrl":"https://easytutor-prototype.web.app","appId":"1:1094650223829:web:8f17f915d7058127a9965c","type":"DEFAULT_SITE"}]}
[debug] [2022-06-30T12:24:38.388Z] >>> [apiv2][query] GET https://firebase.googleapis.com/v1beta1/projects/easytutor-prototype/webApps/1:1094650223829:web:8f17f915d7058127a9965c/config [none]
[debug] [2022-06-30T12:24:39.715Z] <<< [apiv2][status] GET https://firebase.googleapis.com/v1beta1/projects/easytutor-prototype/webApps/1:1094650223829:web:8f17f915d7058127a9965c/config 200
[debug] [2022-06-30T12:24:39.716Z] <<< [apiv2][body] GET https://firebase.googleapis.com/v1beta1/projects/easytutor-prototype/webApps/1:1094650223829:web:8f17f915d7058127a9965c/config {"projectId":"easytutor-prototype","appId":"1:1094650223829:web:8f17f915d7058127a9965c","databaseURL":"https://easytutor-prototype-default-rtdb.europe-west1.firebasedatabase.app","storageBucket":"easytutor-prototype.appspot.com","apiKey":"AIzaSyCRDjenXYVcPX1G3FIpxOSPqoBDd2jIfEE","authDomain":"easytutor-prototype.firebaseapp.com","messagingSenderId":"1094650223829","measurementId":"G-01B4ZKM3J0"}
[info] i  hosting: Serving hosting files from: dist/easy-tutor-app {"metadata":{"emulator":{"name":"hosting"},"message":"Serving hosting files from: \u001b[1mdist/easy-tutor-app\u001b[22m"}}
[info] ✔  hosting: Local server: http://localhost:5000 {"metadata":{"emulator":{"name":"hosting"},"message":"Local server: \u001b[4m\u001b[1mhttp://localhost:5000\u001b[22m\u001b[24m"}}
[debug] [2022-06-30T12:24:40.124Z] Ignoring unsupported arg: auto_download {"metadata":{"emulator":{"name":"ui"},"message":"Ignoring unsupported arg: auto_download"}}
[debug] [2022-06-30T12:24:40.124Z] Ignoring unsupported arg: port {"metadata":{"emulator":{"name":"ui"},"message":"Ignoring unsupported arg: port"}}
[debug] [2022-06-30T12:24:40.124Z] Starting Emulator UI with command {"binary":"node","args":["--dns-result-order=ipv4first","/Users/fabian/.cache/firebase/emulators/ui-v1.7.0/server.bundle.js"],"optionalArgs":[],"joinArgs":false} {"metadata":{"emulator":{"name":"ui"},"message":"Starting Emulator UI with command {\"binary\":\"node\",\"args\":[\"--dns-result-order=ipv4first\",\"/Users/fabian/.cache/firebase/emulators/ui-v1.7.0/server.bundle.js\"],\"optionalArgs\":[],\"joinArgs\":false}"}}
[info] i  ui: Emulator UI logging to ui-debug.log {"metadata":{"emulator":{"name":"ui"},"message":"Emulator UI logging to \u001b[1mui-debug.log\u001b[22m"}}
[debug] [2022-06-30T12:24:40.200Z] Web / API server started at localhost:4000
 {"metadata":{"emulator":{"name":"ui"},"message":"Web / API server started at localhost:4000\n"}}
[debug] [2022-06-30T12:24:40.384Z] >>> [apiv2][query] PUT http://localhost:9000/.settings/rules.json ns=easytutor-prototype-default-rtdb
[debug] [2022-06-30T12:24:40.384Z] >>> [apiv2][body] PUT http://localhost:9000/.settings/rules.json "{\n  /* Visit https://firebase.google.com/docs/database/security to learn more about security rules. */\n  \"rules\": {\n    \".read\": false,\n    \".write\": false\n  }\n}"
[debug] [2022-06-30T12:24:40.541Z] 14:24:40.541 [NamespaceSystem-akka.actor.default-dispatcher-5] INFO com.firebase.core.namespace.NamespaceActor - easytutor-prototype-default-rtdb successfully activated FBKV (SurveyIdle(0)) wait: 65ms, init: 0ms
 {"metadata":{"emulator":{"name":"database"},"message":"14:24:40.541 [NamespaceSystem-akka.actor.default-dispatcher-5] INFO com.firebase.core.namespace.NamespaceActor - easytutor-prototype-default-rtdb successfully activated FBKV (SurveyIdle(0)) wait: 65ms, init: 0ms\n"}}
[debug] [2022-06-30T12:24:40.567Z] 14:24:40.566 [NamespaceSystem-blocking-namespace-operation-dispatcher-7:easytutor-prototype-default-rtdb$-621663384:] INFO com.firebase.core.namespace.StateManager - Namespace easytutor-prototype-default-rtdb status Active to Active
 {"metadata":{"emulator":{"name":"database"},"message":"14:24:40.566 [NamespaceSystem-blocking-namespace-operation-dispatcher-7:easytutor-prototype-default-rtdb$-621663384:] INFO com.firebase.core.namespace.StateManager - Namespace easytutor-prototype-default-rtdb status Active to Active\n"}}
[debug] [2022-06-30T12:24:40.585Z] <<< [apiv2][status] PUT http://localhost:9000/.settings/rules.json 200
[debug] [2022-06-30T12:24:40.585Z] <<< [apiv2][body] PUT http://localhost:9000/.settings/rules.json {"status":"ok"}
[info] 
┌─────────────────────────────────────────────────────────────┐
│ ✔  All emulators ready! It is now safe to connect your app. │
│ i  View Emulator UI at http://localhost:4000                │
└─────────────────────────────────────────────────────────────┘

┌────────────────┬────────────────┬────────────────────────────────┐
│ Emulator       │ Host:Port      │ View in Emulator UI            │
├────────────────┼────────────────┼────────────────────────────────┤
│ Authentication │ localhost:9099 │ http://localhost:4000/auth     │
├────────────────┼────────────────┼────────────────────────────────┤
│ Database       │ localhost:9000 │ http://localhost:4000/database │
├────────────────┼────────────────┼────────────────────────────────┤
│ Hosting        │ localhost:5000 │ n/a                            │
└────────────────┴────────────────┴────────────────────────────────┘
  Emulator Hub running at localhost:4400
  Other reserved ports: 4500

Issues? Report them at https://github.com/firebase/firebase-tools/issues and attach the *-debug.log files.
 
[debug] [2022-06-30T12:25:43.664Z] 14:25:43.663 [NamespaceSystem-akka.actor.default-dispatcher-5] INFO com.firebase.core.namespace.NamespaceActor - fake-server successfully activated FBKV (SurveyIdle(0)) wait: 1ms, init: 0ms
 {"metadata":{"emulator":{"name":"database"},"message":"14:25:43.663 [NamespaceSystem-akka.actor.default-dispatcher-5] INFO com.firebase.core.namespace.NamespaceActor - fake-server successfully activated FBKV (SurveyIdle(0)) wait: 1ms, init: 0ms\n"}}
[debug] [2022-06-30T12:26:38.189Z] 14:26:38.189 [NamespaceSystem-akka.actor.default-dispatcher-14] INFO com.firebase.core.namespace.NamespaceActor - easytutor-prototype successfully activated FBKV (SurveyIdle(0)) wait: 2ms, init: 0ms
 {"metadata":{"emulator":{"name":"database"},"message":"14:26:38.189 [NamespaceSystem-akka.actor.default-dispatcher-14] INFO com.firebase.core.namespace.NamespaceActor - easytutor-prototype successfully activated FBKV (SurveyIdle(0)) wait: 2ms, init: 0ms\n"}}
